<?xml version="1.0" encoding="UTF-8"?>
<testsuite xmlns:xsi="http://www.w3.org/2001/XMLSchema-instance" xsi:noNamespaceSchemaLocation="https://maven.apache.org/surefire/maven-surefire-plugin/xsd/surefire-test-report.xsd" version="3.0.1" name="es.uva.hilos.TextVowelCounterTest" time="0.095" tests="4" errors="0" skipped="0" failures="0">
  <properties>
    <property name="java.specification.version" value="21"/>
    <property name="sun.jnu.encoding" value="UTF-8"/>
    <property name="java.class.path" value="/home/antonio_agp21/SISTEMAS DISTRIBUIDOS/distribuidos/hilos/practica-vocales/target/test-classes:/home/antonio_agp21/SISTEMAS DISTRIBUIDOS/distribuidos/hilos/practica-vocales/target/classes:/home/antonio_agp21/.m2/repository/org/junit/jupiter/junit-jupiter-api/5.11.0/junit-jupiter-api-5.11.0.jar:/home/antonio_agp21/.m2/repository/org/opentest4j/opentest4j/1.3.0/opentest4j-1.3.0.jar:/home/antonio_agp21/.m2/repository/org/junit/platform/junit-platform-commons/1.11.0/junit-platform-commons-1.11.0.jar:/home/antonio_agp21/.m2/repository/org/apiguardian/apiguardian-api/1.1.2/apiguardian-api-1.1.2.jar:/home/antonio_agp21/.m2/repository/org/junit/jupiter/junit-jupiter-params/5.11.0/junit-jupiter-params-5.11.0.jar:"/>
    <property name="java.vm.vendor" value="Ubuntu"/>
    <property name="sun.arch.data.model" value="64"/>
    <property name="java.vendor.url" value="https://ubuntu.com/"/>
    <property name="os.name" value="Linux"/>
    <property name="java.vm.specification.version" value="21"/>
    <property name="sun.java.launcher" value="SUN_STANDARD"/>
    <property name="sun.boot.library.path" value="/usr/lib/jvm/java-21-openjdk-amd64/lib"/>
    <property name="sun.java.command" value="/home/antonio_agp21/SISTEMAS DISTRIBUIDOS/distribuidos/hilos/practica-vocales/target/surefire/surefirebooter-20241207212355910_3.jar /home/antonio_agp21/SISTEMAS DISTRIBUIDOS/distribuidos/hilos/practica-vocales/target/surefire 2024-12-07T21-23-55_434-jvmRun1 surefire-20241207212355910_1tmp surefire_0-20241207212355910_2tmp"/>
    <property name="jdk.debug" value="release"/>
    <property name="surefire.test.class.path" value="/home/antonio_agp21/SISTEMAS DISTRIBUIDOS/distribuidos/hilos/practica-vocales/target/test-classes:/home/antonio_agp21/SISTEMAS DISTRIBUIDOS/distribuidos/hilos/practica-vocales/target/classes:/home/antonio_agp21/.m2/repository/org/junit/jupiter/junit-jupiter-api/5.11.0/junit-jupiter-api-5.11.0.jar:/home/antonio_agp21/.m2/repository/org/opentest4j/opentest4j/1.3.0/opentest4j-1.3.0.jar:/home/antonio_agp21/.m2/repository/org/junit/platform/junit-platform-commons/1.11.0/junit-platform-commons-1.11.0.jar:/home/antonio_agp21/.m2/repository/org/apiguardian/apiguardian-api/1.1.2/apiguardian-api-1.1.2.jar:/home/antonio_agp21/.m2/repository/org/junit/jupiter/junit-jupiter-params/5.11.0/junit-jupiter-params-5.11.0.jar:"/>
    <property name="sun.cpu.endian" value="little"/>
    <property name="user.home" value="/home/antonio_agp21"/>
    <property name="user.language" value="en"/>
    <property name="java.specification.vendor" value="Oracle Corporation"/>
    <property name="java.version.date" value="2024-10-15"/>
    <property name="java.home" value="/usr/lib/jvm/java-21-openjdk-amd64"/>
    <property name="file.separator" value="/"/>
    <property name="basedir" value="/home/antonio_agp21/SISTEMAS DISTRIBUIDOS/distribuidos/hilos/practica-vocales"/>
    <property name="java.vm.compressedOopsMode" value="32-bit"/>
    <property name="line.separator" value="&#10;"/>
    <property name="java.vm.specification.vendor" value="Oracle Corporation"/>
    <property name="java.specification.name" value="Java Platform API Specification"/>
    <property name="surefire.real.class.path" value="/home/antonio_agp21/SISTEMAS DISTRIBUIDOS/distribuidos/hilos/practica-vocales/target/surefire/surefirebooter-20241207212355910_3.jar"/>
    <property name="sun.management.compiler" value="HotSpot 64-Bit Tiered Compilers"/>
    <property name="java.runtime.version" value="21.0.5+11-Ubuntu-1ubuntu122.04"/>
    <property name="user.name" value="antonio_agp21"/>
    <property name="stdout.encoding" value="UTF-8"/>
    <property name="path.separator" value=":"/>
    <property name="os.version" value="5.15.83.1-microsoft-standard-WSL2"/>
    <property name="java.runtime.name" value="OpenJDK Runtime Environment"/>
    <property name="file.encoding" value="UTF-8"/>
    <property name="java.vm.name" value="OpenJDK 64-Bit Server VM"/>
    <property name="localRepository" value="/home/antonio_agp21/.m2/repository"/>
    <property name="java.vendor.url.bug" value="https://bugs.launchpad.net/ubuntu/+source/openjdk-21"/>
    <property name="java.io.tmpdir" value="/tmp"/>
    <property name="java.version" value="21.0.5"/>
    <property name="user.dir" value="/home/antonio_agp21/SISTEMAS DISTRIBUIDOS/distribuidos/hilos/practica-vocales"/>
    <property name="os.arch" value="amd64"/>
    <property name="java.vm.specification.name" value="Java Virtual Machine Specification"/>
    <property name="native.encoding" value="UTF-8"/>
    <property name="java.library.path" value="/usr/java/packages/lib:/usr/lib/x86_64-linux-gnu/jni:/lib/x86_64-linux-gnu:/usr/lib/x86_64-linux-gnu:/usr/lib/jni:/lib:/usr/lib"/>
    <property name="stderr.encoding" value="UTF-8"/>
    <property name="java.vm.info" value="mixed mode, sharing"/>
    <property name="java.vendor" value="Ubuntu"/>
    <property name="java.vm.version" value="21.0.5+11-Ubuntu-1ubuntu122.04"/>
    <property name="sun.io.unicode.encoding" value="UnicodeLittle"/>
    <property name="java.class.version" value="65.0"/>
  </properties>
  <testcase name="tooManyWorkers" classname="es.uva.hilos.TextVowelCounterTest" time="0.043">
    <system-out><![CDATA[0 -----------------------
1 -----------------------
2 -----------------------
3 -----------------------
4 -----------------------
5 -----------------------
6 -----------------------
7 -----------------------
8 -----------------------
9 -----------------------
Hay 3 vocales en: Asterisk
]]></system-out>
  </testcase>
  <testcase name="manyCase" classname="es.uva.hilos.TextVowelCounterTest" time="0.007">
    <system-out><![CDATA[0 -----------------------
1 -----------------------
2 -----------------------
Hay 5 vocales en: Asterisk Test 123 Cow
]]></system-out>
  </testcase>
  <testcase name="emptyTestCase" classname="es.uva.hilos.TextVowelCounterTest" time="0.004">
    <system-out><![CDATA[0 -----------------------
Hay 0 vocales en: 
]]></system-out>
  </testcase>
  <testcase name="oneWordCase" classname="es.uva.hilos.TextVowelCounterTest" time="0.004">
    <system-out><![CDATA[0 -----------------------
Hay 3 vocales en: Asterisk
]]></system-out>
  </testcase>
</testsuite>